<?xml version="1.0" encoding="UTF-8"?>
<!-- Generated by org.testng.reporters.JUnitReportReporter -->
<testsuite hostname="DESKTOP-7A7DC89" failures="0" tests="1" name="com.qa.petstore.user.TestMethods.UserTests" time="3.130" errors="0" timestamp="2023-12-26T11:52:02 IST" skipped="0">
  <testcase classname="com.qa.petstore.user.TestMethods.UserTests" name="postRequestTest" time="3.130"/>
</testsuite> <!-- com.qa.petstore.user.TestMethods.UserTests -->
