<?xml version="1.0" encoding="UTF-8"?>
<!-- Generated by org.testng.reporters.JUnitReportReporter -->
<testsuite hostname="DESKTOP-7A7DC89" failures="0" tests="1" name="com.qa.petstore.user.pojo.postRequest" time="2.787" errors="0" timestamp="2023-12-24T22:17:35 IST" skipped="0">
  <testcase classname="com.qa.petstore.user.pojo.postRequest" name="postRequestTest" time="2.787"/>
</testsuite> <!-- com.qa.petstore.user.pojo.postRequest -->
